[debug] [2024-08-15T14:19:45.861Z] ----------------------------------------------------------------------
[debug] [2024-08-15T14:19:45.863Z] Command:       C:\Program Files\node.exe C:\Users\rkc\AppData\Roaming\npm\node_modules\firebase-tools\lib\bin\firebase.js init
[debug] [2024-08-15T14:19:45.863Z] CLI Version:   13.15.1
[debug] [2024-08-15T14:19:45.864Z] Platform:      win32
[debug] [2024-08-15T14:19:45.864Z] Node Version:  v18.15.0
[debug] [2024-08-15T14:19:45.865Z] Time:          Thu Aug 15 2024 19:49:45 GMT+0530 (India Standard Time)
[debug] [2024-08-15T14:19:45.865Z] ----------------------------------------------------------------------
[debug] 
[debug] [2024-08-15T14:19:45.868Z] >>> [apiv2][query] GET https://firebase-public.firebaseio.com/cli.json [none]
[debug] [2024-08-15T14:19:45.912Z] > command requires scopes: ["email","openid","https://www.googleapis.com/auth/cloudplatformprojects.readonly","https://www.googleapis.com/auth/firebase","https://www.googleapis.com/auth/cloud-platform"]
[debug] [2024-08-15T14:19:45.913Z] > authorizing via signed-in user (s.shekhar0933@gmail.com)
[info] 
     ######## #### ########  ######## ########     ###     ######  ########
     ##        ##  ##     ## ##       ##     ##  ##   ##  ##       ##
     ######    ##  ########  ######   ########  #########  ######  ######
     ##        ##  ##    ##  ##       ##     ## ##     ##       ## ##
     ##       #### ##     ## ######## ########  ##     ##  ######  ########

You're about to initialize a Firebase project in this directory:

  C:\Users\rkc\OneDrive\Desktop\lg\expanse tracker\expanse-tracker

[debug] [2024-08-15T14:19:48.036Z] <<< [apiv2][status] GET https://firebase-public.firebaseio.com/cli.json 200
[debug] [2024-08-15T14:19:48.037Z] <<< [apiv2][body] GET https://firebase-public.firebaseio.com/cli.json {"cloudBuildErrorAfter":1594252800000,"cloudBuildWarnAfter":1590019200000,"defaultNode10After":1594252800000,"minVersion":"3.0.5","node8DeploysDisabledAfter":1613390400000,"node8RuntimeDisabledAfter":1615809600000,"node8WarnAfter":1600128000000}
[info] 
=== Project Setup
[info] 
[info] First, let's associate this project directory with a Firebase project.
[info] You can create multiple project aliases by running firebase use --add, 
[info] but for now we'll just set up a default project.
[info] 
[debug] [2024-08-15T14:21:02.089Z] > refreshing access token with scopes: []
[debug] [2024-08-15T14:21:02.091Z] >>> [apiv2][query] POST https://www.googleapis.com/oauth2/v3/token [none]
[debug] [2024-08-15T14:21:02.091Z] >>> [apiv2][body] POST https://www.googleapis.com/oauth2/v3/token [omitted]
[debug] [2024-08-15T14:21:06.479Z] <<< [apiv2][status] POST https://www.googleapis.com/oauth2/v3/token 200
[debug] [2024-08-15T14:21:06.479Z] <<< [apiv2][body] POST https://www.googleapis.com/oauth2/v3/token [omitted]
[debug] [2024-08-15T14:21:06.503Z] >>> [apiv2][query] GET https://firebase.googleapis.com/v1beta1/projects pageSize=100
[debug] [2024-08-15T14:21:07.833Z] <<< [apiv2][status] GET https://firebase.googleapis.com/v1beta1/projects 200
[debug] [2024-08-15T14:21:07.834Z] <<< [apiv2][body] GET https://firebase.googleapis.com/v1beta1/projects [omitted]
